[2025-11-05 10:10:00] [INFO] Suite initialized.
[2025-11-05 10:12:34] [INFO] Detected package manager: apt
[2025-11-05 10:14:00] [WARN] High disk usage: 88% on /var
[2025-11-09 01:13:16] [INFO] Starting backup to /tmp/backups/backup-20251109-011316
[2025-11-09 01:13:16] [INFO] Backing up /home/swayambhuxnayak/Documents -> /tmp/backups/backup-20251109-011316/Documents (dry-run=true)
[2025-11-09 01:13:16] [INFO] Backing up /home/swayambhuxnayak/Pictures -> /tmp/backups/backup-20251109-011316/Pictures (dry-run=true)
[2025-11-09 01:13:16] [INFO] Backup routine finished.
[2025-11-09 01:13:19] [INFO] Detected package manager: apt
[2025-11-09 01:13:19] [INFO] Refreshing package lists...
[2025-11-09 01:13:27] [INFO] Upgrading packages...
[2025-11-09 01:13:29] [INFO] Autoremove and clean...
[2025-11-09 01:13:32] [INFO] Update routine finished.
[2025-11-09 01:17:21] [INFO] Checking disk usage...
[2025-11-09 01:17:21] [WARN] High disk usage: 91% on /media/swayambhuxnayak/D842B91142B8F57A
[2025-11-09 01:17:21] [INFO] Scanning for failed SSH logins (last 24h)...
[2025-11-09 01:17:21] [WARN] AUTH: 2025-11-09T01:17:21.919285+05:30 ryzen-3x sudo:     root : TTY=pts/1 ; PWD=/home/swayambhuxnayak/Downloads/capstone-bash-scripting-suite ; USER=root ; COMMAND=/usr/bin/grep -i 'Failed password' /var/log/auth.log
[2025-11-09 01:17:21] [INFO] Listing top 5 processes by CPU...
[2025-11-09 01:17:22] [INFO] CPU: PID    PPID CMD                         %MEM %CPU
[2025-11-09 01:17:22] [INFO] CPU: 22655   22538 ps -eo pid,ppid,cmd,%mem,%c  0.0 80.0
[2025-11-09 01:17:22] [INFO] CPU: 18955   18665 /usr/bin/gnome-shell         5.8 14.3
[2025-11-09 01:17:22] [INFO] CPU: 20198   18955 /snap/firefox/7177/usr/lib/ 11.1 13.7
[2025-11-09 01:17:22] [INFO] CPU: 22538   22189 bash /home/swayambhuxnayak/  0.0  8.1
[2025-11-09 01:17:22] [INFO] CPU: 2654    2374 /usr/bin/gnome-shell         6.1  4.9
[2025-11-09 01:17:22] [INFO] Log monitor finished.
[2025-11-09 01:17:35] [INFO] Entering watch mode (every 10s). Ctrl+C to exit.
[2025-11-09 01:17:35] [INFO] Checking disk usage...
[2025-11-09 01:17:36] [WARN] High disk usage: 91% on /media/swayambhuxnayak/D842B91142B8F57A
[2025-11-09 01:17:36] [INFO] Listing top 5 processes by CPU...
[2025-11-09 01:17:36] [INFO] CPU: PID    PPID CMD                         %MEM %CPU
[2025-11-09 01:17:36] [INFO] CPU: 22809   22700 ps -eo pid,ppid,cmd,%mem,%c  0.0  300
[2025-11-09 01:17:36] [INFO] CPU: 18955   18665 /usr/bin/gnome-shell         5.8 14.3
[2025-11-09 01:17:36] [INFO] CPU: 20198   18955 /snap/firefox/7177/usr/lib/ 11.1 13.6
[2025-11-09 01:17:36] [INFO] CPU: 22700   22189 bash /home/swayambhuxnayak/  0.0 13.3
[2025-11-09 01:17:36] [INFO] CPU: 2654    2374 /usr/bin/gnome-shell         6.1  4.9
[2025-11-09 01:17:46] [INFO] Checking disk usage...
[2025-11-09 01:17:46] [WARN] High disk usage: 91% on /media/swayambhuxnayak/D842B91142B8F57A
[2025-11-09 01:17:46] [INFO] Listing top 5 processes by CPU...
[2025-11-09 01:17:46] [INFO] CPU: PID    PPID CMD                         %MEM %CPU
[2025-11-09 01:17:46] [INFO] CPU: 22927   22700 ps -eo pid,ppid,cmd,%mem,%c  0.0  300
[2025-11-09 01:17:46] [INFO] CPU: 18955   18665 /usr/bin/gnome-shell         5.8 14.3
[2025-11-09 01:17:46] [INFO] CPU: 20198   18955 /snap/firefox/7177/usr/lib/ 11.1 13.6
[2025-11-09 01:17:46] [INFO] CPU: 2654    2374 /usr/bin/gnome-shell         6.1  4.9
[2025-11-09 01:17:46] [INFO] CPU: 21098   20484 /snap/firefox/7177/usr/lib/  6.3  4.0
[2025-11-09 01:17:56] [INFO] Checking disk usage...
[2025-11-09 01:17:56] [WARN] High disk usage: 91% on /media/swayambhuxnayak/D842B91142B8F57A
[2025-11-09 01:17:56] [INFO] Listing top 5 processes by CPU...
[2025-11-09 01:17:56] [INFO] CPU: PID    PPID CMD                         %MEM %CPU
[2025-11-09 01:17:56] [INFO] CPU: 18955   18665 /usr/bin/gnome-shell         5.8 14.3
[2025-11-09 01:17:56] [INFO] CPU: 20198   18955 /snap/firefox/7177/usr/lib/ 11.1 13.5
[2025-11-09 01:17:56] [INFO] CPU: 2654    2374 /usr/bin/gnome-shell         6.1  4.9
[2025-11-09 01:17:56] [INFO] CPU: 21098   20484 /snap/firefox/7177/usr/lib/  6.3  4.0
[2025-11-09 01:17:56] [INFO] CPU: 20773   20484 /snap/firefox/7177/usr/lib/  7.3  3.7
[2025-11-09 01:17:58] [INFO] Exiting watch mode.
